#
# There is insufficient memory for the Java Runtime Environment to continue.
# Native memory allocation (mmap) failed to map 1048576000 bytes for committing reserved memory.
# Possible reasons:
#   The system is out of physical RAM or swap space
#   The process is running with CompressedOops enabled, and the Java Heap may be blocking the growth of the native heap
# Possible solutions:
#   Reduce memory load on the system
#   Increase physical memory or swap space
#   Check if swap backing store is full
#   Decrease Java heap size (-Xmx/-Xms)
#   Decrease number of Java threads
#   Decrease Java thread stack sizes (-Xss)
#   Set larger code cache with -XX:ReservedCodeCacheSize=
# This output file may be truncated or incomplete.
#
#  Out of Memory Error (os_linux.cpp:2757), pid=11019, tid=0x00007f3b0d70b700
#
# JRE version:  (8.0_242-b08) (build )
# Java VM: OpenJDK 64-Bit Server VM (25.242-b08 mixed mode linux-amd64 compressed oops)
# Failed to write core dump. Core dumps have been disabled. To enable core dumping, try "ulimit -c unlimited" before starting Java again
#

---------------  T H R E A D  ---------------

Current thread (0x00007f3b0800b800):  JavaThread "Unknown thread" [_thread_in_vm, id=11112, stack(0x00007f3b0d30c000,0x00007f3b0d70c000)]

Stack: [0x00007f3b0d30c000,0x00007f3b0d70c000],  sp=0x00007f3b0d70a5d0,  free space=4089k
Native frames: (J=compiled Java code, j=interpreted, Vv=VM code, C=native code)
V  [libjvm.so+0xabba52]
V  [libjvm.so+0x4de2e7]
V  [libjvm.so+0x8f59f0]
V  [libjvm.so+0x8ecabe]
V  [libjvm.so+0x970456]
V  [libjvm.so+0x96077c]
V  [libjvm.so+0x2b5aee]
V  [libjvm.so+0x91d671]
V  [libjvm.so+0xa7de5a]
V  [libjvm.so+0xa7e155]
V  [libjvm.so+0x62b7bf]
V  [libjvm.so+0xa61b23]
V  [libjvm.so+0x6aeb11]  JNI_CreateJavaVM+0x61
C  [libjli.so+0x2ce3]
C  [libjli.so+0x78cd]
C  [libpthread.so.0+0x76db]  start_thread+0xdb


---------------  P R O C E S S  ---------------

Java Threads: ( => current thread )

Other Threads:

=>0x00007f3b0800b800 (exited) JavaThread "Unknown thread" [_thread_in_vm, id=11112, stack(0x00007f3b0d30c000,0x00007f3b0d70c000)]

VM state:not at safepoint (not fully initialized)

VM Mutex/Monitor currently owned by a thread: None

heap address: 0x00000000a2400000, size: 1500 MB, Compressed Oops mode: Non-zero based:0x00000000a23ff000
Narrow klass base: 0x0000000000000000, Narrow klass shift: 0

GC Heap History (0 events):
No events

Deoptimization events (0 events):
No events

Classes redefined (0 events):
No events

Internal exceptions (0 events):
No events

Events (0 events):
No events


Dynamic libraries:
e0c00000-100000000 rw-p 00000000 00:00 0 
55c84952e000-55c84952f000 r-xp 00000000 103:02 27527803                  /usr/lib/jvm/java-8-openjdk-amd64/jre/bin/java
55c84972e000-55c84972f000 r--p 00000000 103:02 27527803                  /usr/lib/jvm/java-8-openjdk-amd64/jre/bin/java
55c84972f000-55c849730000 rw-p 00001000 103:02 27527803                  /usr/lib/jvm/java-8-openjdk-amd64/jre/bin/java
55c84a92b000-55c84a94c000 rw-p 00000000 00:00 0                          [heap]
7f3afbf25000-7f3afc119000 ---p 00000000 00:00 0 
7f3afc119000-7f3afc21e000 rw-p 00000000 00:00 0 
7f3afc21e000-7f3afc500000 ---p 00000000 00:00 0 
7f3afc500000-7f3afc770000 rwxp 00000000 00:00 0 
7f3afc770000-7f3b08000000 ---p 00000000 00:00 0 
7f3b08000000-7f3b08032000 rw-p 00000000 00:00 0 
7f3b08032000-7f3b0c000000 ---p 00000000 00:00 0 
7f3b0c27a000-7f3b0c282000 r-xp 00000000 103:02 27528201                  /usr/lib/jvm/java-8-openjdk-amd64/jre/lib/amd64/libzip.so
7f3b0c282000-7f3b0c481000 ---p 00008000 103:02 27528201                  /usr/lib/jvm/java-8-openjdk-amd64/jre/lib/amd64/libzip.so
7f3b0c481000-7f3b0c482000 r--p 00007000 103:02 27528201                  /usr/lib/jvm/java-8-openjdk-amd64/jre/lib/amd64/libzip.so
7f3b0c482000-7f3b0c483000 rw-p 00008000 103:02 27528201                  /usr/lib/jvm/java-8-openjdk-amd64/jre/lib/amd64/libzip.so
7f3b0c483000-7f3b0c48e000 r-xp 00000000 103:02 21761449                  /lib/x86_64-linux-gnu/libnss_files-2.27.so
7f3b0c48e000-7f3b0c68d000 ---p 0000b000 103:02 21761449                  /lib/x86_64-linux-gnu/libnss_files-2.27.so
7f3b0c68d000-7f3b0c68e000 r--p 0000a000 103:02 21761449                  /lib/x86_64-linux-gnu/libnss_files-2.27.so
7f3b0c68e000-7f3b0c68f000 rw-p 0000b000 103:02 21761449                  /lib/x86_64-linux-gnu/libnss_files-2.27.so
7f3b0c68f000-7f3b0c695000 rw-p 00000000 00:00 0 
7f3b0c695000-7f3b0c6ac000 r-xp 00000000 103:02 21761446                  /lib/x86_64-linux-gnu/libnsl-2.27.so
7f3b0c6ac000-7f3b0c8ab000 ---p 00017000 103:02 21761446                  /lib/x86_64-linux-gnu/libnsl-2.27.so
7f3b0c8ab000-7f3b0c8ac000 r--p 00016000 103:02 21761446                  /lib/x86_64-linux-gnu/libnsl-2.27.so
7f3b0c8ac000-7f3b0c8ad000 rw-p 00017000 103:02 21761446                  /lib/x86_64-linux-gnu/libnsl-2.27.so
7f3b0c8ad000-7f3b0c8af000 rw-p 00000000 00:00 0 
7f3b0c8af000-7f3b0c8ba000 r-xp 00000000 103:02 21761451                  /lib/x86_64-linux-gnu/libnss_nis-2.27.so
7f3b0c8ba000-7f3b0cab9000 ---p 0000b000 103:02 21761451                  /lib/x86_64-linux-gnu/libnss_nis-2.27.so
7f3b0cab9000-7f3b0caba000 r--p 0000a000 103:02 21761451                  /lib/x86_64-linux-gnu/libnss_nis-2.27.so
7f3b0caba000-7f3b0cabb000 rw-p 0000b000 103:02 21761451                  /lib/x86_64-linux-gnu/libnss_nis-2.27.so
7f3b0cabb000-7f3b0cac3000 r-xp 00000000 103:02 21761447                  /lib/x86_64-linux-gnu/libnss_compat-2.27.so
7f3b0cac3000-7f3b0ccc3000 ---p 00008000 103:02 21761447                  /lib/x86_64-linux-gnu/libnss_compat-2.27.so
7f3b0ccc3000-7f3b0ccc4000 r--p 00008000 103:02 21761447                  /lib/x86_64-linux-gnu/libnss_compat-2.27.so
7f3b0ccc4000-7f3b0ccc5000 rw-p 00009000 103:02 21761447                  /lib/x86_64-linux-gnu/libnss_compat-2.27.so
7f3b0ccc5000-7f3b0ccef000 r-xp 00000000 103:02 27527923                  /usr/lib/jvm/java-8-openjdk-amd64/jre/lib/amd64/libjava.so
7f3b0ccef000-7f3b0ceee000 ---p 0002a000 103:02 27527923                  /usr/lib/jvm/java-8-openjdk-amd64/jre/lib/amd64/libjava.so
7f3b0ceee000-7f3b0ceef000 r--p 00029000 103:02 27527923                  /usr/lib/jvm/java-8-openjdk-amd64/jre/lib/amd64/libjava.so
7f3b0ceef000-7f3b0cef1000 rw-p 0002a000 103:02 27527923                  /usr/lib/jvm/java-8-openjdk-amd64/jre/lib/amd64/libjava.so
7f3b0cef1000-7f3b0cf01000 r-xp 00000000 103:02 27528193                  /usr/lib/jvm/java-8-openjdk-amd64/jre/lib/amd64/libverify.so
7f3b0cf01000-7f3b0d100000 ---p 00010000 103:02 27528193                  /usr/lib/jvm/java-8-openjdk-amd64/jre/lib/amd64/libverify.so
7f3b0d100000-7f3b0d102000 r--p 0000f000 103:02 27528193                  /usr/lib/jvm/java-8-openjdk-amd64/jre/lib/amd64/libverify.so
7f3b0d102000-7f3b0d103000 rw-p 00011000 103:02 27528193                  /usr/lib/jvm/java-8-openjdk-amd64/jre/lib/amd64/libverify.so
7f3b0d103000-7f3b0d10a000 r-xp 00000000 103:02 21761456                  /lib/x86_64-linux-gnu/librt-2.27.so
7f3b0d10a000-7f3b0d309000 ---p 00007000 103:02 21761456                  /lib/x86_64-linux-gnu/librt-2.27.so
7f3b0d309000-7f3b0d30a000 r--p 00006000 103:02 21761456                  /lib/x86_64-linux-gnu/librt-2.27.so
7f3b0d30a000-7f3b0d30b000 rw-p 00007000 103:02 21761456                  /lib/x86_64-linux-gnu/librt-2.27.so
7f3b0d30b000-7f3b0d30c000 ---p 00000000 00:00 0 
7f3b0d30c000-7f3b0d30f000 ---p 00000000 00:00 0 
7f3b0d30f000-7f3b0d70c000 rw-p 00000000 00:00 0 
7f3b0d70c000-7f3b0d723000 r-xp 00000000 103:02 21761476                  /lib/x86_64-linux-gnu/libgcc_s.so.1
7f3b0d723000-7f3b0d922000 ---p 00017000 103:02 21761476                  /lib/x86_64-linux-gnu/libgcc_s.so.1
7f3b0d922000-7f3b0d923000 r--p 00016000 103:02 21761476                  /lib/x86_64-linux-gnu/libgcc_s.so.1
7f3b0d923000-7f3b0d924000 rw-p 00017000 103:02 21761476                  /lib/x86_64-linux-gnu/libgcc_s.so.1
7f3b0d924000-7f3b0dac1000 r-xp 00000000 103:02 21761443                  /lib/x86_64-linux-gnu/libm-2.27.so
7f3b0dac1000-7f3b0dcc0000 ---p 0019d000 103:02 21761443                  /lib/x86_64-linux-gnu/libm-2.27.so
7f3b0dcc0000-7f3b0dcc1000 r--p 0019c000 103:02 21761443                  /lib/x86_64-linux-gnu/libm-2.27.so
7f3b0dcc1000-7f3b0dcc2000 rw-p 0019d000 103:02 21761443                  /lib/x86_64-linux-gnu/libm-2.27.so
7f3b0dcc2000-7f3b0de3b000 r-xp 00000000 103:02 27528103                  /usr/lib/x86_64-linux-gnu/libstdc++.so.6.0.25
7f3b0de3b000-7f3b0e03b000 ---p 00179000 103:02 27528103                  /usr/lib/x86_64-linux-gnu/libstdc++.so.6.0.25
7f3b0e03b000-7f3b0e045000 r--p 00179000 103:02 27528103                  /usr/lib/x86_64-linux-gnu/libstdc++.so.6.0.25
7f3b0e045000-7f3b0e047000 rw-p 00183000 103:02 27528103                  /usr/lib/x86_64-linux-gnu/libstdc++.so.6.0.25
7f3b0e047000-7f3b0e04b000 rw-p 00000000 00:00 0 
7f3b0e04b000-7f3b0ecee000 r-xp 00000000 103:02 27528207                  /usr/lib/jvm/java-8-openjdk-amd64/jre/lib/amd64/server/libjvm.so
7f3b0ecee000-7f3b0eeee000 ---p 00ca3000 103:02 27528207                  /usr/lib/jvm/java-8-openjdk-amd64/jre/lib/amd64/server/libjvm.so
7f3b0eeee000-7f3b0ef82000 r--p 00ca3000 103:02 27528207                  /usr/lib/jvm/java-8-openjdk-amd64/jre/lib/amd64/server/libjvm.so
7f3b0ef82000-7f3b0efab000 rw-p 00d37000 103:02 27528207                  /usr/lib/jvm/java-8-openjdk-amd64/jre/lib/amd64/server/libjvm.so
7f3b0efab000-7f3b0efdb000 rw-p 00000000 00:00 0 
7f3b0efdb000-7f3b0eff5000 r-xp 00000000 103:02 21761454                  /lib/x86_64-linux-gnu/libpthread-2.27.so
7f3b0eff5000-7f3b0f1f4000 ---p 0001a000 103:02 21761454                  /lib/x86_64-linux-gnu/libpthread-2.27.so
7f3b0f1f4000-7f3b0f1f5000 r--p 00019000 103:02 21761454                  /lib/x86_64-linux-gnu/libpthread-2.27.so
7f3b0f1f5000-7f3b0f1f6000 rw-p 0001a000 103:02 21761454                  /lib/x86_64-linux-gnu/libpthread-2.27.so
7f3b0f1f6000-7f3b0f1fa000 rw-p 00000000 00:00 0 
7f3b0f1fa000-7f3b0f1fd000 r-xp 00000000 103:02 21761442                  /lib/x86_64-linux-gnu/libdl-2.27.so
7f3b0f1fd000-7f3b0f3fc000 ---p 00003000 103:02 21761442                  /lib/x86_64-linux-gnu/libdl-2.27.so
7f3b0f3fc000-7f3b0f3fd000 r--p 00002000 103:02 21761442                  /lib/x86_64-linux-gnu/libdl-2.27.so
7f3b0f3fd000-7f3b0f3fe000 rw-p 00003000 103:02 21761442                  /lib/x86_64-linux-gnu/libdl-2.27.so
7f3b0f3fe000-7f3b0f41a000 r-xp 00000000 103:02 21761462                  /lib/x86_64-linux-gnu/libz.so.1.2.11
7f3b0f41a000-7f3b0f619000 ---p 0001c000 103:02 21761462                  /lib/x86_64-linux-gnu/libz.so.1.2.11
7f3b0f619000-7f3b0f61a000 r--p 0001b000 103:02 21761462                  /lib/x86_64-linux-gnu/libz.so.1.2.11
7f3b0f61a000-7f3b0f61b000 rw-p 0001c000 103:02 21761462                  /lib/x86_64-linux-gnu/libz.so.1.2.11
7f3b0f61b000-7f3b0f802000 r-xp 00000000 103:02 21761439                  /lib/x86_64-linux-gnu/libc-2.27.so
7f3b0f802000-7f3b0fa02000 ---p 001e7000 103:02 21761439                  /lib/x86_64-linux-gnu/libc-2.27.so
7f3b0fa02000-7f3b0fa06000 r--p 001e7000 103:02 21761439                  /lib/x86_64-linux-gnu/libc-2.27.so
7f3b0fa06000-7f3b0fa08000 rw-p 001eb000 103:02 21761439                  /lib/x86_64-linux-gnu/libc-2.27.so
7f3b0fa08000-7f3b0fa0c000 rw-p 00000000 00:00 0 
7f3b0fa0c000-7f3b0fa1a000 r-xp 00000000 103:02 27527909                  /usr/lib/jvm/java-8-openjdk-amd64/jre/lib/amd64/jli/libjli.so
7f3b0fa1a000-7f3b0fc19000 ---p 0000e000 103:02 27527909                  /usr/lib/jvm/java-8-openjdk-amd64/jre/lib/amd64/jli/libjli.so
7f3b0fc19000-7f3b0fc1a000 r--p 0000d000 103:02 27527909                  /usr/lib/jvm/java-8-openjdk-amd64/jre/lib/amd64/jli/libjli.so
7f3b0fc1a000-7f3b0fc1b000 rw-p 0000e000 103:02 27527909                  /usr/lib/jvm/java-8-openjdk-amd64/jre/lib/amd64/jli/libjli.so
7f3b0fc1b000-7f3b0fc42000 r-xp 00000000 103:02 21761434                  /lib/x86_64-linux-gnu/ld-2.27.so
7f3b0fe27000-7f3b0fe29000 rw-p 00000000 00:00 0 
7f3b0fe36000-7f3b0fe3e000 rw-s 00000000 103:02 21117196                  /tmp/hsperfdata_digital32589/11019
7f3b0fe3e000-7f3b0fe3f000 rw-p 00000000 00:00 0 
7f3b0fe3f000-7f3b0fe40000 r--p 00000000 00:00 0 
7f3b0fe40000-7f3b0fe42000 rw-p 00000000 00:00 0 
7f3b0fe42000-7f3b0fe43000 r--p 00027000 103:02 21761434                  /lib/x86_64-linux-gnu/ld-2.27.so
7f3b0fe43000-7f3b0fe44000 rw-p 00028000 103:02 21761434                  /lib/x86_64-linux-gnu/ld-2.27.so
7f3b0fe44000-7f3b0fe45000 rw-p 00000000 00:00 0 
7ffdcd9ee000-7ffdcda0f000 rw-p 00000000 00:00 0                          [stack]
7ffdcdbed000-7ffdcdbf0000 r--p 00000000 00:00 0                          [vvar]
7ffdcdbf0000-7ffdcdbf2000 r-xp 00000000 00:00 0                          [vdso]
ffffffffff600000-ffffffffff601000 r-xp 00000000 00:00 0                  [vsyscall]

VM Arguments:
jvm_args: -Dfile.encoding=UTF-8 -Xms1500m -Xmx1500m -Xss4M -XX:ReservedCodeCacheSize=187m 
java_command: /usr/share/sbt/bin/sbt-launch.jar
java_class_path (initial): /usr/share/sbt/bin/sbt-launch.jar
Launcher Type: SUN_STANDARD

Environment Variables:
JAVA_HOME=/usr/lib/jvm/java-8-openjdk-amd64
PATH=/home/digital32589/bin:/home/digital32589/.local/bin:/usr/local/sbin:/usr/local/bin:/usr/sbin:/usr/bin:/sbin:/bin:/usr/games:/usr/local/games:/snap/bin
USERNAME=digital32589
SHELL=/bin/bash
DISPLAY=:0

Signal Handlers:
SIGSEGV: [libjvm.so+0xabc3b0], sa_mask[0]=11111111011111111101111111111110, sa_flags=SA_RESTART|SA_SIGINFO
SIGBUS: [libjvm.so+0xabc3b0], sa_mask[0]=11111111011111111101111111111110, sa_flags=SA_RESTART|SA_SIGINFO
SIGFPE: [libjvm.so+0x8f0bb0], sa_mask[0]=11111111011111111101111111111110, sa_flags=SA_RESTART|SA_SIGINFO
SIGPIPE: [libjvm.so+0x8f0bb0], sa_mask[0]=11111111011111111101111111111110, sa_flags=SA_RESTART|SA_SIGINFO
SIGXFSZ: [libjvm.so+0x8f0bb0], sa_mask[0]=11111111011111111101111111111110, sa_flags=SA_RESTART|SA_SIGINFO
SIGILL: [libjvm.so+0x8f0bb0], sa_mask[0]=11111111011111111101111111111110, sa_flags=SA_RESTART|SA_SIGINFO
SIGUSR1: SIG_DFL, sa_mask[0]=00000000000000000000000000000000, sa_flags=none
SIGUSR2: [libjvm.so+0x8f0a60], sa_mask[0]=00000000000000000000000000000000, sa_flags=SA_RESTART|SA_SIGINFO
SIGHUP: SIG_DFL, sa_mask[0]=00000000000000000000000000000000, sa_flags=none
SIGINT: SIG_DFL, sa_mask[0]=00000000000000000000000000000000, sa_flags=none
SIGTERM: SIG_DFL, sa_mask[0]=00000000000000000000000000000000, sa_flags=none
SIGQUIT: SIG_DFL, sa_mask[0]=00000000000000000000000000000000, sa_flags=none


---------------  S Y S T E M  ---------------

OS:DISTRIB_ID=Ubuntu
DISTRIB_RELEASE=18.04
DISTRIB_CODENAME=bionic
DISTRIB_DESCRIPTION="Ubuntu 18.04.3 LTS"

uname:Linux 4.15.0-76-generic #86-Ubuntu SMP Fri Jan 17 17:24:28 UTC 2020 x86_64
libc:glibc 2.27 NPTL 2.27 
rlimit: STACK 8192k, CORE 0k, NPROC 62342, NOFILE 4096, AS infinity
load average:13.51 8.77 4.94

/proc/meminfo:
MemTotal:       16244136 kB
MemFree:          179316 kB
MemAvailable:     229580 kB
Buffers:           17840 kB
Cached:           865504 kB
SwapCached:       272680 kB
Active:         13966412 kB
Inactive:        1470540 kB
Active(anon):   13838768 kB
Inactive(anon):  1341508 kB
Active(file):     127644 kB
Inactive(file):   129032 kB
Unevictable:          64 kB
Mlocked:              64 kB
SwapTotal:      16598012 kB
SwapFree:             56 kB
Dirty:              6284 kB
Writeback:             0 kB
AnonPages:      14284176 kB
Mapped:           409764 kB
Shmem:            626612 kB
Slab:             289520 kB
SReclaimable:     110560 kB
SUnreclaim:       178960 kB
KernelStack:       44876 kB
PageTables:       145172 kB
NFS_Unstable:          0 kB
Bounce:                0 kB
WritebackTmp:          0 kB
CommitLimit:    24720080 kB
Committed_AS:   59673872 kB
VmallocTotal:   34359738367 kB
VmallocUsed:           0 kB
VmallocChunk:          0 kB
HardwareCorrupted:     0 kB
AnonHugePages:         0 kB
ShmemHugePages:        0 kB
ShmemPmdMapped:        0 kB
CmaTotal:              0 kB
CmaFree:               0 kB
HugePages_Total:       0
HugePages_Free:        0
HugePages_Rsvd:        0
HugePages_Surp:        0
Hugepagesize:       2048 kB
DirectMap4k:     1021328 kB
DirectMap2M:    15577088 kB
DirectMap1G:           0 kB

container (cgroup) information:
container_type: cgroupv1
cpu_cpuset_cpus: 0-7
cpu_memory_nodes: 0
active_processor_count: 8
cpu_quota: -1
cpu_period: 100000
cpu_shares: -1
memory_limit_in_bytes: -1
memory_and_swap_limit_in_bytes: -2
memory_soft_limit_in_bytes: -1
memory_usage_in_bytes: 15942217728
memory_max_usage_in_bytes: 16057774080


CPU:total 8 (initial active 8) (4 cores per cpu, 2 threads per core) family 6 model 94 stepping 3, cmov, cx8, fxsr, mmx, sse, sse2, sse3, ssse3, sse4.1, sse4.2, popcnt, avx, avx2, aes, clmul, erms, rtm, 3dnowpref, lzcnt, ht, tsc, tscinvbit, bmi1, bmi2, adx

/proc/cpuinfo:
processor	: 0
vendor_id	: GenuineIntel
cpu family	: 6
model		: 94
model name	: Intel(R) Core(TM) i7-6700HQ CPU @ 2.60GHz
stepping	: 3
microcode	: 0xd6
cpu MHz		: 2628.420
cache size	: 6144 KB
physical id	: 0
siblings	: 8
core id		: 0
cpu cores	: 4
apicid		: 0
initial apicid	: 0
fpu		: yes
fpu_exception	: yes
cpuid level	: 22
wp		: yes
flags		: fpu vme de pse tsc msr pae mce cx8 apic sep mtrr pge mca cmov pat pse36 clflush dts acpi mmx fxsr sse sse2 ss ht tm pbe syscall nx pdpe1gb rdtscp lm constant_tsc art arch_perfmon pebs bts rep_good nopl xtopology nonstop_tsc cpuid aperfmperf tsc_known_freq pni pclmulqdq dtes64 monitor ds_cpl vmx est tm2 ssse3 sdbg fma cx16 xtpr pdcm pcid sse4_1 sse4_2 x2apic movbe popcnt tsc_deadline_timer aes xsave avx f16c rdrand lahf_lm abm 3dnowprefetch cpuid_fault epb invpcid_single pti ssbd ibrs ibpb stibp tpr_shadow vnmi flexpriority ept vpid fsgsbase tsc_adjust bmi1 hle avx2 smep bmi2 erms invpcid rtm mpx rdseed adx smap clflushopt intel_pt xsaveopt xsavec xgetbv1 xsaves dtherm ida arat pln pts hwp hwp_notify hwp_act_window hwp_epp md_clear flush_l1d
bugs		: cpu_meltdown spectre_v1 spectre_v2 spec_store_bypass l1tf mds swapgs taa itlb_multihit
bogomips	: 5184.00
clflush size	: 64
cache_alignment	: 64
address sizes	: 39 bits physical, 48 bits virtual
power management:

processor	: 1
vendor_id	: GenuineIntel
cpu family	: 6
model		: 94
model name	: Intel(R) Core(TM) i7-6700HQ CPU @ 2.60GHz
stepping	: 3
microcode	: 0xd6
cpu MHz		: 2399.595
cache size	: 6144 KB
physical id	: 0
siblings	: 8
core id		: 1
cpu cores	: 4
apicid		: 2
initial apicid	: 2
fpu		: yes
fpu_exception	: yes
cpuid level	: 22
wp		: yes
flags		: fpu vme de pse tsc msr pae mce cx8 apic sep mtrr pge mca cmov pat pse36 clflush dts acpi mmx fxsr sse sse2 ss ht tm pbe syscall nx pdpe1gb rdtscp lm constant_tsc art arch_perfmon pebs bts rep_good nopl xtopology nonstop_tsc cpuid aperfmperf tsc_known_freq pni pclmulqdq dtes64 monitor ds_cpl vmx est tm2 ssse3 sdbg fma cx16 xtpr pdcm pcid sse4_1 sse4_2 x2apic movbe popcnt tsc_deadline_timer aes xsave avx f16c rdrand lahf_lm abm 3dnowprefetch cpuid_fault epb invpcid_single pti ssbd ibrs ibpb stibp tpr_shadow vnmi flexpriority ept vpid fsgsbase tsc_adjust bmi1 hle avx2 smep bmi2 erms invpcid rtm mpx rdseed adx smap clflushopt intel_pt xsaveopt xsavec xgetbv1 xsaves dtherm ida arat pln pts hwp hwp_notify hwp_act_window hwp_epp md_clear flush_l1d
bugs		: cpu_meltdown spectre_v1 spectre_v2 spec_store_bypass l1tf mds swapgs taa itlb_multihit
bogomips	: 5184.00
clflush size	: 64
cache_alignment	: 64
address sizes	: 39 bits physical, 48 bits virtual
power management:

processor	: 2
vendor_id	: GenuineIntel
cpu family	: 6
model		: 94
model name	: Intel(R) Core(TM) i7-6700HQ CPU @ 2.60GHz
stepping	: 3
microcode	: 0xd6
cpu MHz		: 2620.460
cache size	: 6144 KB
physical id	: 0
siblings	: 8
core id		: 2
cpu cores	: 4
apicid		: 4
initial apicid	: 4
fpu		: yes
fpu_exception	: yes
cpuid level	: 22
wp		: yes
flags		: fpu vme de pse tsc msr pae mce cx8 apic sep mtrr pge mca cmov pat pse36 clflush dts acpi mmx fxsr sse sse2 ss ht tm pbe syscall nx pdpe1gb rdtscp lm constant_tsc art arch_perfmon pebs bts rep_good nopl xtopology nonstop_tsc cpuid aperfmperf tsc_known_freq pni pclmulqdq dtes64 monitor ds_cpl vmx est tm2 ssse3 sdbg fma cx16 xtpr pdcm pcid sse4_1 sse4_2 x2apic movbe popcnt tsc_deadline_timer aes xsave avx f16c rdrand lahf_lm abm 3dnowprefetch cpuid_fault epb invpcid_single pti ssbd ibrs ibpb stibp tpr_shadow vnmi flexpriority ept vpid fsgsbase tsc_adjust bmi1 hle avx2 smep bmi2 erms invpcid rtm mpx rdseed adx smap clflushopt intel_pt xsaveopt xsavec xgetbv1 xsaves dtherm ida arat pln pts hwp hwp_notify hwp_act_window hwp_epp md_clear flush_l1d
bugs		: cpu_meltdown spectre_v1 spectre_v2 spec_store_bypass l1tf mds swapgs taa itlb_multihit
bogomips	: 5184.00
clflush size	: 64
cache_alignment	: 64
address sizes	: 39 bits physical, 48 bits virtual
power management:

processor	: 3
vendor_id	: GenuineIntel
cpu family	: 6
model		: 94
model name	: Intel(R) Core(TM) i7-6700HQ CPU @ 2.60GHz
stepping	: 3
microcode	: 0xd6
cpu MHz		: 2683.924
cache size	: 6144 KB
physical id	: 0
siblings	: 8
core id		: 3
cpu cores	: 4
apicid		: 6
initial apicid	: 6
fpu		: yes
fpu_exception	: yes
cpuid level	: 22
wp		: yes
flags		: fpu vme de pse tsc msr pae mce cx8 apic sep mtrr pge mca cmov pat pse36 clflush dts acpi mmx fxsr sse sse2 ss ht tm pbe syscall nx pdpe1gb rdtscp lm constant_tsc art arch_perfmon pebs bts rep_good nopl xtopology nonstop_tsc cpuid aperfmperf tsc_known_freq pni pclmulqdq dtes64 monitor ds_cpl vmx est tm2 ssse3 sdbg fma cx16 xtpr pdcm pcid sse4_1 sse4_2 x2apic movbe popcnt tsc_deadline_timer aes xsave avx f16c rdrand lahf_lm abm 3dnowprefetch cpuid_fault epb invpcid_single pti ssbd ibrs ibpb stibp tpr_shadow vnmi flexpriority ept vpid fsgsbase tsc_adjust bmi1 hle avx2 smep bmi2 erms invpcid rtm mpx rdseed adx smap clflushopt intel_pt xsaveopt xsavec xgetbv1 xsaves dtherm ida arat pln pts hwp hwp_notify hwp_act_window hwp_epp md_clear flush_l1d
bugs		: cpu_meltdown spectre_v1 spectre_v2 spec_store_bypass l1tf mds swapgs taa itlb_multihit
bogomips	: 5184.00
clflush size	: 64
cache_alignment	: 64
address sizes	: 39 bits physical, 48 bits virtual
power management:

processor	: 4
vendor_id	: GenuineIntel
cpu family	: 6
model		: 94
model name	: Intel(R) Core(TM) i7-6700HQ CPU @ 2.60GHz
stepping	: 3
microcode	: 0xd6
cpu MHz		: 2633.049
cache size	: 6144 KB
physical id	: 0
siblings	: 8
core id		: 0
cpu cores	: 4
apicid		: 1
initial apicid	: 1
fpu		: yes
fpu_exception	: yes
cpuid level	: 22
wp		: yes
flags		: fpu vme de pse tsc msr pae mce cx8 apic sep mtrr pge mca cmov pat pse36 clflush dts acpi mmx fxsr sse sse2 ss ht tm pbe syscall nx pdpe1gb rdtscp lm constant_tsc art arch_perfmon pebs bts rep_good nopl xtopology nonstop_tsc cpuid aperfmperf tsc_known_freq pni pclmulqdq dtes64 monitor ds_cpl vmx est tm2 ssse3 sdbg fma cx16 xtpr pdcm pcid sse4_1 sse4_2 x2apic movbe popcnt tsc_deadline_timer aes xsave avx f16c rdrand lahf_lm abm 3dnowprefetch cpuid_fault epb invpcid_single pti ssbd ibrs ibpb stibp tpr_shadow vnmi flexpriority ept vpid fsgsbase tsc_adjust bmi1 hle avx2 smep bmi2 erms invpcid rtm mpx rdseed adx smap clflushopt intel_pt xsaveopt xsavec xgetbv1 xsaves dtherm ida arat pln pts hwp hwp_notify hwp_act_window hwp_epp md_clear flush_l1d
bugs		: cpu_meltdown spectre_v1 spectre_v2 spec_store_bypass l1tf mds swapgs taa itlb_multihit
bogomips	: 5184.00
clflush size	: 64
cache_alignment	: 64
address sizes	: 39 bits physical, 48 bits virtual
power management:

processor	: 5
vendor_id	: GenuineIntel
cpu family	: 6
model		: 94
model name	: Intel(R) Core(TM) i7-6700HQ CPU @ 2.60GHz
stepping	: 3
microcode	: 0xd6
cpu MHz		: 2642.924
cache size	: 6144 KB
physical id	: 0
siblings	: 8
core id		: 1
cpu cores	: 4
apicid		: 3
initial apicid	: 3
fpu		: yes
fpu_exception	: yes
cpuid level	: 22
wp		: yes
flags		: fpu vme de pse tsc msr pae mce cx8 apic sep mtrr pge mca cmov pat pse36 clflush dts acpi mmx fxsr sse sse2 ss ht tm pbe syscall nx pdpe1gb rdtscp lm constant_tsc art arch_perfmon pebs bts rep_good nopl xtopology nonstop_tsc cpuid aperfmperf tsc_known_freq pni pclmulqdq dtes64 monitor ds_cpl vmx est tm2 ssse3 sdbg fma cx16 xtpr pdcm pcid sse4_1 sse4_2 x2apic movbe popcnt tsc_deadline_timer aes xsave avx f16c rdrand lahf_lm abm 3dnowprefetch cpuid_fault epb invpcid_single pti ssbd ibrs ibpb stibp tpr_shadow vnmi flexpriority ept vpid fsgsbase tsc_adjust bmi1 hle avx2 smep bmi2 erms invpcid rtm mpx rdseed adx smap clflushopt intel_pt xsaveopt xsavec xgetbv1 xsaves dtherm ida arat pln pts hwp hwp_notify hwp_act_window hwp_epp md_clear flush_l1d
bugs		: cpu_meltdown spectre_v1 spectre_v2 spec_store_bypass l1tf mds swapgs taa itlb_multihit
bogomips	: 5184.00
clflush size	: 64
cache_alignment	: 64
address sizes	: 39 bits physical, 48 bits virtual
power management:

processor	: 6
vendor_id	: GenuineIntel
cpu family	: 6
model		: 94
model name	: Intel(R) Core(TM) i7-6700HQ CPU @ 2.60GHz
stepping	: 3
microcode	: 0xd6
cpu MHz		: 2635.169
cache size	: 6144 KB
physical id	: 0
siblings	: 8
core id		: 2
cpu cores	: 4
apicid		: 5
initial apicid	: 5
fpu		: yes
fpu_exception	: yes
cpuid level	: 22
wp		: yes
flags		: fpu vme de pse tsc msr pae mce cx8 apic sep mtrr pge mca cmov pat pse36 clflush dts acpi mmx fxsr sse sse2 ss ht tm pbe syscall nx pdpe1gb rdtscp lm constant_tsc art arch_perfmon pebs bts rep_good nopl xtopology nonstop_tsc cpuid aperfmperf tsc_known_freq pni pclmulqdq dtes64 monitor ds_cpl vmx est tm2 ssse3 sdbg fma cx16 xtpr pdcm pcid sse4_1 sse4_2 x2apic movbe popcnt tsc_deadline_timer aes xsave avx f16c rdrand lahf_lm abm 3dnowprefetch cpuid_fault epb invpcid_single pti ssbd ibrs ibpb stibp tpr_shadow vnmi flexpriority ept vpid fsgsbase tsc_adjust bmi1 hle avx2 smep bmi2 erms invpcid rtm mpx rdseed adx smap clflushopt intel_pt xsaveopt xsavec xgetbv1 xsaves dtherm ida arat pln pts hwp hwp_notify hwp_act_window hwp_epp md_clear flush_l1d
bugs		: cpu_meltdown spectre_v1 spectre_v2 spec_store_bypass l1tf mds swapgs taa itlb_multihit
bogomips	: 5184.00
clflush size	: 64
cache_alignment	: 64
address sizes	: 39 bits physical, 48 bits virtual
power management:

processor	: 7
vendor_id	: GenuineIntel
cpu family	: 6
model		: 94
model name	: Intel(R) Core(TM) i7-6700HQ CPU @ 2.60GHz
stepping	: 3
microcode	: 0xd6
cpu MHz		: 2657.058
cache size	: 6144 KB
physical id	: 0
siblings	: 8
core id		: 3
cpu cores	: 4
apicid		: 7
initial apicid	: 7
fpu		: yes
fpu_exception	: yes
cpuid level	: 22
wp		: yes
flags		: fpu vme de pse tsc msr pae mce cx8 apic sep mtrr pge mca cmov pat pse36 clflush dts acpi mmx fxsr sse sse2 ss ht tm pbe syscall nx pdpe1gb rdtscp lm constant_tsc art arch_perfmon pebs bts rep_good nopl xtopology nonstop_tsc cpuid aperfmperf tsc_known_freq pni pclmulqdq dtes64 monitor ds_cpl vmx est tm2 ssse3 sdbg fma cx16 xtpr pdcm pcid sse4_1 sse4_2 x2apic movbe popcnt tsc_deadline_timer aes xsave avx f16c rdrand lahf_lm abm 3dnowprefetch cpuid_fault epb invpcid_single pti ssbd ibrs ibpb stibp tpr_shadow vnmi flexpriority ept vpid fsgsbase tsc_adjust bmi1 hle avx2 smep bmi2 erms invpcid rtm mpx rdseed adx smap clflushopt intel_pt xsaveopt xsavec xgetbv1 xsaves dtherm ida arat pln pts hwp hwp_notify hwp_act_window hwp_epp md_clear flush_l1d
bugs		: cpu_meltdown spectre_v1 spectre_v2 spec_store_bypass l1tf mds swapgs taa itlb_multihit
bogomips	: 5184.00
clflush size	: 64
cache_alignment	: 64
address sizes	: 39 bits physical, 48 bits virtual
power management:



Memory: 4k page, physical 16244136k(180096k free), swap 16598012k(56k free)

vm_info: OpenJDK 64-Bit Server VM (25.242-b08) for linux-amd64 JRE (1.8.0_242-8u242-b08-0ubuntu3~18.04-b08), built on Jan 17 2020 23:41:21 by "buildd" with gcc 7.4.0

time: Wed Mar 11 13:52:22 2020
timezone: GMT
elapsed time: 0 seconds (0d 0h 0m 0s)

